\BOOKMARK [1][-]{section*.1}{Contents}{}% 1
\BOOKMARK [1][-]{section.1}{Package pycosmicstar}{}% 2
\BOOKMARK [2][-]{subsection.1.1}{Modules}{section.1}% 3
\BOOKMARK [1][-]{section.2}{Module pycosmicstar.cosmicstarformation}{}% 4
\BOOKMARK [2][-]{subsection.2.1}{Variables}{section.2}% 5
\BOOKMARK [2][-]{subsection.2.2}{Class cosmicstarformation}{section.2}% 6
\BOOKMARK [3][-]{subsubsection.2.2.1}{Methods}{subsection.2.2}% 7
\BOOKMARK [1][-]{section.3}{Package pycosmicstar.cosmolib}{}% 8
\BOOKMARK [2][-]{subsection.3.1}{Modules}{section.3}% 9
\BOOKMARK [1][-]{section.4}{Module pycosmicstar.cosmolib.lcdmlib}{}% 10
\BOOKMARK [2][-]{subsection.4.1}{Variables}{section.4}% 11
\BOOKMARK [1][-]{section.5}{Module pycosmicstar.cosmology}{}% 12
\BOOKMARK [2][-]{subsection.5.1}{Variables}{section.5}% 13
\BOOKMARK [2][-]{subsection.5.2}{Class cosmology}{section.5}% 14
\BOOKMARK [3][-]{subsubsection.5.2.1}{Methods}{subsection.5.2}% 15
\BOOKMARK [1][-]{section.6}{Module pycosmicstar.csfrfromfit}{}% 16
\BOOKMARK [2][-]{subsection.6.1}{Functions}{section.6}% 17
\BOOKMARK [2][-]{subsection.6.2}{Variables}{section.6}% 18
\BOOKMARK [1][-]{section.7}{Module pycosmicstar.diferencial}{}% 19
\BOOKMARK [2][-]{subsection.7.1}{Functions}{section.7}% 20
\BOOKMARK [2][-]{subsection.7.2}{Variables}{section.7}% 21
\BOOKMARK [1][-]{section.8}{Module pycosmicstar.filedict}{}% 22
\BOOKMARK [2][-]{subsection.8.1}{Class Solutions}{section.8}% 23
\BOOKMARK [3][-]{subsubsection.8.1.1}{Class Variables}{subsection.8.1}% 24
\BOOKMARK [2][-]{subsection.8.2}{Class FileDict}{section.8}% 25
\BOOKMARK [3][-]{subsubsection.8.2.1}{Methods}{subsection.8.2}% 26
\BOOKMARK [1][-]{section.9}{Module pycosmicstar.filedict\137old}{}% 27
\BOOKMARK [2][-]{subsection.9.1}{Variables}{section.9}% 28
\BOOKMARK [2][-]{subsection.9.2}{Class DefaultArg}{section.9}% 29
\BOOKMARK [2][-]{subsection.9.3}{Class Solutions}{section.9}% 30
\BOOKMARK [3][-]{subsubsection.9.3.1}{Class Variables}{subsection.9.3}% 31
\BOOKMARK [2][-]{subsection.9.4}{Class FileDict}{section.9}% 32
\BOOKMARK [3][-]{subsubsection.9.4.1}{Methods}{subsection.9.4}% 33
\BOOKMARK [3][-]{subsubsection.9.4.2}{Properties}{subsection.9.4}% 34
\BOOKMARK [1][-]{section.10}{Module pycosmicstar.lcdmcosmology}{}% 35
\BOOKMARK [2][-]{subsection.10.1}{Variables}{section.10}% 36
\BOOKMARK [2][-]{subsection.10.2}{Class lcdmcosmology}{section.10}% 37
\BOOKMARK [3][-]{subsubsection.10.2.1}{Methods}{subsection.10.2}% 38
\BOOKMARK [1][-]{section.11}{Module pycosmicstar.observationalCSFR}{}% 39
\BOOKMARK [2][-]{subsection.11.1}{Variables}{section.11}% 40
\BOOKMARK [2][-]{subsection.11.2}{Class ObservationalCSFR}{section.11}% 41
\BOOKMARK [3][-]{subsubsection.11.2.1}{Methods}{subsection.11.2}% 42
\BOOKMARK [1][-]{section.12}{Module pycosmicstar.parallellistcompreension}{}% 43
\BOOKMARK [2][-]{subsection.12.1}{Functions}{section.12}% 44
\BOOKMARK [2][-]{subsection.12.2}{Variables}{section.12}% 45
\BOOKMARK [1][-]{section.13}{Module pycosmicstar.paralleloverlist}{}% 46
\BOOKMARK [2][-]{subsection.13.1}{Functions}{section.13}% 47
\BOOKMARK [2][-]{subsection.13.2}{Variables}{section.13}% 48
\BOOKMARK [2][-]{subsection.13.3}{Class paralleloverlist}{section.13}% 49
\BOOKMARK [3][-]{subsubsection.13.3.1}{Methods}{subsection.13.3}% 50
\BOOKMARK [1][-]{section.14}{Module pycosmicstar.pylcdmlib}{}% 51
\BOOKMARK [2][-]{subsection.14.1}{Variables}{section.14}% 52
\BOOKMARK [1][-]{section.15}{Module pycosmicstar.run\137kut4}{}% 53
\BOOKMARK [2][-]{subsection.15.1}{Functions}{section.15}% 54
\BOOKMARK [2][-]{subsection.15.2}{Variables}{section.15}% 55
\BOOKMARK [1][-]{section.16}{Module pycosmicstar.structures}{}% 56
\BOOKMARK [2][-]{subsection.16.1}{Variables}{section.16}% 57
\BOOKMARK [2][-]{subsection.16.2}{Class structures}{section.16}% 58
\BOOKMARK [3][-]{subsubsection.16.2.1}{Methods}{subsection.16.2}% 59
\BOOKMARK [1][-]{section.17}{Module pycosmicstar.structuresabstract}{}% 60
\BOOKMARK [2][-]{subsection.17.1}{Variables}{section.17}% 61
\BOOKMARK [2][-]{subsection.17.2}{Class structuresabstract}{section.17}% 62
\BOOKMARK [3][-]{subsubsection.17.2.1}{Methods}{subsection.17.2}% 63
\BOOKMARK [1][-]{section.18}{Module pycosmicstar.test\137all}{}% 64
\BOOKMARK [2][-]{subsection.18.1}{Functions}{section.18}% 65
\BOOKMARK [2][-]{subsection.18.2}{Variables}{section.18}% 66
\BOOKMARK [1][-]{section.19}{Module pycosmicstar.test\137cosmology}{}% 67
\BOOKMARK [2][-]{subsection.19.1}{Variables}{section.19}% 68
\BOOKMARK [2][-]{subsection.19.2}{Class test\137lcdmcosmology}{section.19}% 69
\BOOKMARK [3][-]{subsubsection.19.2.1}{Methods}{subsection.19.2}% 70
\BOOKMARK [3][-]{subsubsection.19.2.2}{Properties}{subsection.19.2}% 71
\BOOKMARK [3][-]{subsubsection.19.2.3}{Class Variables}{subsection.19.2}% 72
\BOOKMARK [1][-]{section*.2}{Index}{}% 73
